[35m[1mScanning dependencies of target std_msgs_generate_messages_cpp[0m
[  0%] Built target std_msgs_generate_messages_cpp
[35m[1mScanning dependencies of target _gazebo_ros_link_attacher_generate_messages_check_deps_SetStatic[0m
[  0%] Built target _gazebo_ros_link_attacher_generate_messages_check_deps_SetStatic
[35m[1mScanning dependencies of target _gazebo_ros_link_attacher_generate_messages_check_deps_Attach[0m
[  0%] Built target _gazebo_ros_link_attacher_generate_messages_check_deps_Attach
[35m[1mScanning dependencies of target _gazebo_ros_link_attacher_generate_messages_check_deps_Detach[0m
[  0%] Built target _gazebo_ros_link_attacher_generate_messages_check_deps_Detach
[35m[1mScanning dependencies of target std_msgs_generate_messages_py[0m
[  0%] Built target std_msgs_generate_messages_py
[35m[1mScanning dependencies of target std_msgs_generate_messages_nodejs[0m
[  0%] Built target std_msgs_generate_messages_nodejs
[35m[1mScanning dependencies of target std_msgs_generate_messages_eus[0m
[  0%] Built target std_msgs_generate_messages_eus
[35m[1mScanning dependencies of target std_msgs_generate_messages_lisp[0m
[  0%] Built target std_msgs_generate_messages_lisp
[35m[1mScanning dependencies of target gazebo_ros_link_attacher_generate_messages_cpp[0m
[  5%] [34m[1mGenerating C++ code from gazebo_ros_link_attacher/Attach.srv[0m
[ 10%] [34m[1mGenerating C++ code from gazebo_ros_link_attacher/Detach.srv[0m
[35m[1mScanning dependencies of target gazebo_ros_link_attacher_generate_messages_py[0m
[ 15%] [34m[1mGenerating Python code from SRV gazebo_ros_link_attacher/Attach[0m
[ 21%] [34m[1mGenerating C++ code from gazebo_ros_link_attacher/SetStatic.srv[0m
[ 26%] [34m[1mGenerating Python code from SRV gazebo_ros_link_attacher/Detach[0m
[35m[1mScanning dependencies of target gazebo_ros_link_attacher_generate_messages_nodejs[0m
[ 31%] [34m[1mGenerating Python code from SRV gazebo_ros_link_attacher/SetStatic[0m
[ 36%] [34m[1mGenerating Javascript code from gazebo_ros_link_attacher/Attach.srv[0m
[ 36%] Built target gazebo_ros_link_attacher_generate_messages_cpp
[ 42%] [34m[1mGenerating Javascript code from gazebo_ros_link_attacher/Detach.srv[0m
[35m[1mScanning dependencies of target gazebo_ros_link_attacher_generate_messages_eus[0m
[ 47%] [34m[1mGenerating EusLisp code from gazebo_ros_link_attacher/Attach.srv[0m
[ 52%] [34m[1mGenerating Javascript code from gazebo_ros_link_attacher/SetStatic.srv[0m
[35m[1mScanning dependencies of target gazebo_ros_link_attacher_generate_messages_lisp[0m
[ 52%] Built target gazebo_ros_link_attacher_generate_messages_nodejs
[ 57%] [34m[1mGenerating Lisp code from gazebo_ros_link_attacher/Attach.srv[0m
[ 63%] [34m[1mGenerating EusLisp code from gazebo_ros_link_attacher/Detach.srv[0m
[ 68%] [34m[1mGenerating Python srv __init__.py for gazebo_ros_link_attacher[0m
[ 73%] [34m[1mGenerating Lisp code from gazebo_ros_link_attacher/Detach.srv[0m
[ 78%] [34m[1mGenerating EusLisp code from gazebo_ros_link_attacher/SetStatic.srv[0m
[ 84%] [34m[1mGenerating Lisp code from gazebo_ros_link_attacher/SetStatic.srv[0m
[ 89%] [34m[1mGenerating EusLisp manifest code for gazebo_ros_link_attacher[0m
[ 89%] Built target gazebo_ros_link_attacher_generate_messages_lisp
[35m[1mScanning dependencies of target gazebo_ros_link_attacher[0m
WARNING: Package name "levelManager" does not follow the naming conventions. It should start with a lower case letter and only contain lower case letters, digits, underscores, and dashes.
WARNING: Package name "robotName_description" does not follow the naming conventions. It should start with a lower case letter and only contain lower case letters, digits, underscores, and dashes.
[ 89%] Built target gazebo_ros_link_attacher_generate_messages_py
[ 94%] [32mBuilding CXX object CMakeFiles/gazebo_ros_link_attacher.dir/src/gazebo_ros_link_attacher.cpp.o[0m
WARNING: Package name "levelManager" does not follow the naming conventions. It should start with a lower case letter and only contain lower case letters, digits, underscores, and dashes.
WARNING: Package name "robotName_description" does not follow the naming conventions. It should start with a lower case letter and only contain lower case letters, digits, underscores, and dashes.
[ 94%] Built target gazebo_ros_link_attacher_generate_messages_eus
[35m[1mScanning dependencies of target gazebo_ros_link_attacher_generate_messages[0m
[ 94%] Built target gazebo_ros_link_attacher_generate_messages
[100%] [32m[1mLinking CXX shared library /root/catkin_ws/devel/.private/gazebo_ros_link_attacher/lib/libgazebo_ros_link_attacher.so[0m
[100%] Built target gazebo_ros_link_attacher
